2025-05-29T09:37:19.195+05:30  INFO 27560 --- [reporting-service] [restartedMain] c.c.d.r.ReportingServiceApplication      : Starting ReportingServiceApplication using Java 21.0.6 with PID 27560 (C:\Users\2400970\git\EmployeePerformanceAndFeedbackManagementSystem\reporting-service\target\classes started by 2400970 in C:\Users\2400970\git\EmployeePerformanceAndFeedbackManagementSystem\reporting-service)
2025-05-29T09:37:19.201+05:30  INFO 27560 --- [reporting-service] [restartedMain] c.c.d.r.ReportingServiceApplication      : No active profile set, falling back to 1 default profile: "default"
2025-05-29T09:37:19.250+05:30  INFO 27560 --- [reporting-service] [restartedMain] o.s.c.c.c.ConfigServerConfigDataLoader   : Fetching config from server at : http://localhost:8888
2025-05-29T09:37:19.250+05:30  INFO 27560 --- [reporting-service] [restartedMain] o.s.c.c.c.ConfigServerConfigDataLoader   : Located environment: name=reporting-service, profiles=[default], label=null, version=ae09da6f6f4a2a9a28dbec542144e8bfca659e3a, state=
2025-05-29T09:37:19.252+05:30  INFO 27560 --- [reporting-service] [restartedMain] .e.DevToolsPropertyDefaultsPostProcessor : Devtools property defaults active! Set 'spring.devtools.add-properties' to 'false' to disable
2025-05-29T09:37:19.252+05:30  INFO 27560 --- [reporting-service] [restartedMain] .e.DevToolsPropertyDefaultsPostProcessor : For additional web related logging consider setting the 'logging.level.web' property to 'DEBUG'
2025-05-29T09:37:20.118+05:30  INFO 27560 --- [reporting-service] [restartedMain] .s.d.r.c.RepositoryConfigurationDelegate : Bootstrapping Spring Data JPA repositories in DEFAULT mode.
2025-05-29T09:37:20.286+05:30  INFO 27560 --- [reporting-service] [restartedMain] .s.d.r.c.RepositoryConfigurationDelegate : Finished Spring Data repository scanning in 158 ms. Found 1 JPA repository interface.
2025-05-29T09:37:20.543+05:30  INFO 27560 --- [reporting-service] [restartedMain] o.s.cloud.context.scope.GenericScope     : BeanFactory id=9abcf0a2-7a67-3392-a206-286402b6c8c1
2025-05-29T09:37:21.322+05:30  INFO 27560 --- [reporting-service] [restartedMain] o.s.b.w.embedded.tomcat.TomcatWebServer  : Tomcat initialized with port 8084 (http)
2025-05-29T09:37:21.338+05:30  INFO 27560 --- [reporting-service] [restartedMain] o.apache.catalina.core.StandardService   : Starting service [Tomcat]
2025-05-29T09:37:21.339+05:30  INFO 27560 --- [reporting-service] [restartedMain] o.apache.catalina.core.StandardEngine    : Starting Servlet engine: [Apache Tomcat/10.1.40]
2025-05-29T09:37:21.425+05:30  INFO 27560 --- [reporting-service] [restartedMain] o.a.c.c.C.[Tomcat].[localhost].[/]       : Initializing Spring embedded WebApplicationContext
2025-05-29T09:37:21.426+05:30  INFO 27560 --- [reporting-service] [restartedMain] w.s.c.ServletWebServerApplicationContext : Root WebApplicationContext: initialization completed in 2173 ms
2025-05-29T09:37:21.895+05:30  INFO 27560 --- [reporting-service] [restartedMain] o.hibernate.jpa.internal.util.LogHelper  : HHH000204: Processing PersistenceUnitInfo [name: default]
2025-05-29T09:37:21.957+05:30  INFO 27560 --- [reporting-service] [restartedMain] org.hibernate.Version                    : HHH000412: Hibernate ORM core version 6.6.13.Final
2025-05-29T09:37:22.002+05:30  INFO 27560 --- [reporting-service] [restartedMain] o.h.c.internal.RegionFactoryInitiator    : HHH000026: Second-level cache disabled
2025-05-29T09:37:22.327+05:30  INFO 27560 --- [reporting-service] [restartedMain] o.s.o.j.p.SpringPersistenceUnitInfo      : No LoadTimeWeaver setup: ignoring JPA class transformer
2025-05-29T09:37:22.376+05:30  INFO 27560 --- [reporting-service] [restartedMain] com.zaxxer.hikari.HikariDataSource       : HikariPool-1 - Starting...
2025-05-29T09:37:22.779+05:30  INFO 27560 --- [reporting-service] [restartedMain] com.zaxxer.hikari.pool.HikariPool        : HikariPool-1 - Added connection com.mysql.cj.jdbc.ConnectionImpl@4316df8a
2025-05-29T09:37:22.782+05:30  INFO 27560 --- [reporting-service] [restartedMain] com.zaxxer.hikari.HikariDataSource       : HikariPool-1 - Start completed.
2025-05-29T09:37:22.862+05:30  WARN 27560 --- [reporting-service] [restartedMain] org.hibernate.orm.deprecation            : HHH90000025: MySQLDialect does not need to be specified explicitly using 'hibernate.dialect' (remove the property setting and it will be selected by default)
2025-05-29T09:37:22.889+05:30  INFO 27560 --- [reporting-service] [restartedMain] org.hibernate.orm.connections.pooling    : HHH10001005: Database info:
	Database JDBC URL [Connecting through datasource 'HikariDataSource (HikariPool-1)']
	Database driver: undefined/unknown
	Database version: 8.0.41
	Autocommit mode: undefined/unknown
	Isolation level: undefined/unknown
	Minimum pool size: undefined/unknown
	Maximum pool size: undefined/unknown
2025-05-29T09:37:23.926+05:30  INFO 27560 --- [reporting-service] [restartedMain] o.h.e.t.j.p.i.JtaPlatformInitiator       : HHH000489: No JTA platform available (set 'hibernate.transaction.jta.platform' to enable JTA platform integration)
2025-05-29T09:37:23.980+05:30  INFO 27560 --- [reporting-service] [restartedMain] j.LocalContainerEntityManagerFactoryBean : Initialized JPA EntityManagerFactory for persistence unit 'default'
2025-05-29T09:37:24.334+05:30  WARN 27560 --- [reporting-service] [restartedMain] JpaBaseConfiguration$JpaWebConfiguration : spring.jpa.open-in-view is enabled by default. Therefore, database queries may be performed during view rendering. Explicitly configure spring.jpa.open-in-view to disable this warning
2025-05-29T09:37:24.405+05:30  WARN 27560 --- [reporting-service] [restartedMain] o.s.b.d.a.OptionalLiveReloadServer       : Unable to start LiveReload server
2025-05-29T09:37:24.451+05:30  INFO 27560 --- [reporting-service] [restartedMain] o.s.c.openfeign.FeignClientFactoryBean   : For 'FEEDBACK-SERVICE' URL not provided. Will try picking an instance via load-balancing.
2025-05-29T09:37:24.519+05:30  INFO 27560 --- [reporting-service] [restartedMain] o.s.c.openfeign.FeignClientFactoryBean   : For 'PERFORMANCE-REVIEW-SERVICE' URL not provided. Will try picking an instance via load-balancing.
2025-05-29T09:37:25.360+05:30  INFO 27560 --- [reporting-service] [restartedMain] DiscoveryClientOptionalArgsConfiguration : Eureka HTTP Client uses RestTemplate.
2025-05-29T09:37:25.410+05:30  WARN 27560 --- [reporting-service] [restartedMain] iguration$LoadBalancerCaffeineWarnLogger : Spring Cloud LoadBalancer is currently working with the default cache. While this cache implementation is useful for development and tests, it's recommended to use Caffeine cache in production.You can switch to using Caffeine cache, by adding it and org.springframework.cache.caffeine.CaffeineCacheManager to the classpath.
2025-05-29T09:37:25.451+05:30  INFO 27560 --- [reporting-service] [restartedMain] o.s.b.a.e.web.EndpointLinksResolver      : Exposing 18 endpoints beneath base path '/actuator'
2025-05-29T09:37:25.549+05:30  INFO 27560 --- [reporting-service] [restartedMain] o.s.c.n.eureka.InstanceInfoFactory       : Setting initial instance status as: STARTING
2025-05-29T09:37:25.572+05:30  INFO 27560 --- [reporting-service] [restartedMain] com.netflix.discovery.DiscoveryClient    : Initializing Eureka in region us-east-1
2025-05-29T09:37:25.576+05:30  INFO 27560 --- [reporting-service] [restartedMain] c.n.d.s.r.aws.ConfigClusterResolver      : Resolving eureka endpoints via configuration
2025-05-29T09:37:25.592+05:30  INFO 27560 --- [reporting-service] [restartedMain] com.netflix.discovery.DiscoveryClient    : Disable delta property : false
2025-05-29T09:37:25.592+05:30  INFO 27560 --- [reporting-service] [restartedMain] com.netflix.discovery.DiscoveryClient    : Single vip registry refresh property : null
2025-05-29T09:37:25.592+05:30  INFO 27560 --- [reporting-service] [restartedMain] com.netflix.discovery.DiscoveryClient    : Force full registry fetch : false
2025-05-29T09:37:25.592+05:30  INFO 27560 --- [reporting-service] [restartedMain] com.netflix.discovery.DiscoveryClient    : Application is null : false
2025-05-29T09:37:25.592+05:30  INFO 27560 --- [reporting-service] [restartedMain] com.netflix.discovery.DiscoveryClient    : Registered Applications size is zero : true
2025-05-29T09:37:25.593+05:30  INFO 27560 --- [reporting-service] [restartedMain] com.netflix.discovery.DiscoveryClient    : Application version is -1: true
2025-05-29T09:37:25.593+05:30  INFO 27560 --- [reporting-service] [restartedMain] com.netflix.discovery.DiscoveryClient    : Getting all instance registry info from the eureka server
2025-05-29T09:37:25.842+05:30  INFO 27560 --- [reporting-service] [restartedMain] com.netflix.discovery.DiscoveryClient    : The response status is 200
2025-05-29T09:37:25.845+05:30  INFO 27560 --- [reporting-service] [restartedMain] com.netflix.discovery.DiscoveryClient    : Starting heartbeat executor: renew interval is: 30
2025-05-29T09:37:25.847+05:30  INFO 27560 --- [reporting-service] [restartedMain] c.n.discovery.InstanceInfoReplicator     : InstanceInfoReplicator onDemand update allowed rate per min is 4
2025-05-29T09:37:25.850+05:30  INFO 27560 --- [reporting-service] [restartedMain] com.netflix.discovery.DiscoveryClient    : Discovery Client initialized at timestamp 1748491645850 with initial instances count: 3
2025-05-29T09:37:25.859+05:30  INFO 27560 --- [reporting-service] [restartedMain] o.s.c.n.e.s.EurekaServiceRegistry        : Registering application REPORTING-SERVICE with eureka with status UP
2025-05-29T09:37:25.860+05:30  INFO 27560 --- [reporting-service] [restartedMain] com.netflix.discovery.DiscoveryClient    : Saw local status change event StatusChangeEvent [timestamp=1748491645860, current=UP, previous=STARTING]
2025-05-29T09:37:25.862+05:30  INFO 27560 --- [reporting-service] [DiscoveryClient-InstanceInfoReplicator-%d] com.netflix.discovery.DiscoveryClient    : DiscoveryClient_REPORTING-SERVICE/LTIN603893.cts.com:reporting-service:8084: registering service...
2025-05-29T09:37:25.894+05:30  INFO 27560 --- [reporting-service] [restartedMain] o.s.b.w.embedded.tomcat.TomcatWebServer  : Tomcat started on port 8084 (http) with context path '/'
2025-05-29T09:37:25.895+05:30  INFO 27560 --- [reporting-service] [restartedMain] .s.c.n.e.s.EurekaAutoServiceRegistration : Updating port to 8084
2025-05-29T09:37:25.912+05:30  INFO 27560 --- [reporting-service] [restartedMain] c.c.d.r.ReportingServiceApplication      : Started ReportingServiceApplication in 8.128 seconds (process running for 8.755)
2025-05-29T09:37:25.918+05:30  INFO 27560 --- [reporting-service] [DiscoveryClient-InstanceInfoReplicator-%d] com.netflix.discovery.DiscoveryClient    : DiscoveryClient_REPORTING-SERVICE/LTIN603893.cts.com:reporting-service:8084 - registration status: 204
2025-05-29T09:37:26.146+05:30  INFO 27560 --- [reporting-service] [RMI TCP Connection(6)-127.0.0.1] o.a.c.c.C.[Tomcat].[localhost].[/]       : Initializing Spring DispatcherServlet 'dispatcherServlet'
2025-05-29T09:37:26.147+05:30  INFO 27560 --- [reporting-service] [RMI TCP Connection(6)-127.0.0.1] o.s.web.servlet.DispatcherServlet        : Initializing Servlet 'dispatcherServlet'
2025-05-29T09:37:26.149+05:30  INFO 27560 --- [reporting-service] [RMI TCP Connection(6)-127.0.0.1] o.s.web.servlet.DispatcherServlet        : Completed initialization in 2 ms
2025-05-29T09:42:25.598+05:30  INFO 27560 --- [reporting-service] [AsyncResolver-bootstrap-executor-%d] c.n.d.s.r.aws.ConfigClusterResolver      : Resolving eureka endpoints via configuration
2025-05-29T09:47:25.606+05:30  INFO 27560 --- [reporting-service] [AsyncResolver-bootstrap-executor-%d] c.n.d.s.r.aws.ConfigClusterResolver      : Resolving eureka endpoints via configuration
2025-05-29T09:52:25.609+05:30  INFO 27560 --- [reporting-service] [AsyncResolver-bootstrap-executor-%d] c.n.d.s.r.aws.ConfigClusterResolver      : Resolving eureka endpoints via configuration
2025-05-29T09:57:25.618+05:30  INFO 27560 --- [reporting-service] [AsyncResolver-bootstrap-executor-%d] c.n.d.s.r.aws.ConfigClusterResolver      : Resolving eureka endpoints via configuration
2025-05-29T10:02:25.628+05:30  INFO 27560 --- [reporting-service] [AsyncResolver-bootstrap-executor-%d] c.n.d.s.r.aws.ConfigClusterResolver      : Resolving eureka endpoints via configuration
2025-05-29T10:07:25.631+05:30  INFO 27560 --- [reporting-service] [AsyncResolver-bootstrap-executor-%d] c.n.d.s.r.aws.ConfigClusterResolver      : Resolving eureka endpoints via configuration
2025-05-29T10:12:25.640+05:30  INFO 27560 --- [reporting-service] [AsyncResolver-bootstrap-executor-%d] c.n.d.s.r.aws.ConfigClusterResolver      : Resolving eureka endpoints via configuration
2025-05-29T10:17:25.654+05:30  INFO 27560 --- [reporting-service] [AsyncResolver-bootstrap-executor-%d] c.n.d.s.r.aws.ConfigClusterResolver      : Resolving eureka endpoints via configuration
2025-05-29T10:22:25.671+05:30  INFO 27560 --- [reporting-service] [AsyncResolver-bootstrap-executor-%d] c.n.d.s.r.aws.ConfigClusterResolver      : Resolving eureka endpoints via configuration
2025-05-29T10:27:25.680+05:30  INFO 27560 --- [reporting-service] [AsyncResolver-bootstrap-executor-%d] c.n.d.s.r.aws.ConfigClusterResolver      : Resolving eureka endpoints via configuration
2025-05-29T10:32:25.690+05:30  INFO 27560 --- [reporting-service] [AsyncResolver-bootstrap-executor-%d] c.n.d.s.r.aws.ConfigClusterResolver      : Resolving eureka endpoints via configuration
2025-05-29T10:37:25.701+05:30  INFO 27560 --- [reporting-service] [AsyncResolver-bootstrap-executor-%d] c.n.d.s.r.aws.ConfigClusterResolver      : Resolving eureka endpoints via configuration
2025-05-29T10:42:25.717+05:30  INFO 27560 --- [reporting-service] [AsyncResolver-bootstrap-executor-%d] c.n.d.s.r.aws.ConfigClusterResolver      : Resolving eureka endpoints via configuration
2025-05-29T11:06:07.116+05:30  WARN 27560 --- [reporting-service] [HikariPool-1 housekeeper] com.zaxxer.hikari.pool.HikariPool        : HikariPool-1 - Thread starvation or clock leap detected (housekeeper delta=21m13s82ms256µs700ns).
2025-05-29T11:08:08.805+05:30  INFO 27560 --- [reporting-service] [AsyncResolver-bootstrap-executor-%d] c.n.d.s.r.aws.ConfigClusterResolver      : Resolving eureka endpoints via configuration
2025-05-29T11:13:08.811+05:30  INFO 27560 --- [reporting-service] [AsyncResolver-bootstrap-executor-%d] c.n.d.s.r.aws.ConfigClusterResolver      : Resolving eureka endpoints via configuration
2025-05-29T11:18:08.823+05:30  INFO 27560 --- [reporting-service] [AsyncResolver-bootstrap-executor-%d] c.n.d.s.r.aws.ConfigClusterResolver      : Resolving eureka endpoints via configuration
2025-05-29T11:23:08.827+05:30  INFO 27560 --- [reporting-service] [AsyncResolver-bootstrap-executor-%d] c.n.d.s.r.aws.ConfigClusterResolver      : Resolving eureka endpoints via configuration
2025-05-29T11:28:08.838+05:30  INFO 27560 --- [reporting-service] [AsyncResolver-bootstrap-executor-%d] c.n.d.s.r.aws.ConfigClusterResolver      : Resolving eureka endpoints via configuration
2025-05-29T11:33:08.849+05:30  INFO 27560 --- [reporting-service] [AsyncResolver-bootstrap-executor-%d] c.n.d.s.r.aws.ConfigClusterResolver      : Resolving eureka endpoints via configuration
2025-05-29T11:38:08.865+05:30  INFO 27560 --- [reporting-service] [AsyncResolver-bootstrap-executor-%d] c.n.d.s.r.aws.ConfigClusterResolver      : Resolving eureka endpoints via configuration
2025-05-29T11:43:08.872+05:30  INFO 27560 --- [reporting-service] [AsyncResolver-bootstrap-executor-%d] c.n.d.s.r.aws.ConfigClusterResolver      : Resolving eureka endpoints via configuration
2025-05-29T11:48:08.880+05:30  INFO 27560 --- [reporting-service] [AsyncResolver-bootstrap-executor-%d] c.n.d.s.r.aws.ConfigClusterResolver      : Resolving eureka endpoints via configuration
2025-05-29T11:53:08.890+05:30  INFO 27560 --- [reporting-service] [AsyncResolver-bootstrap-executor-%d] c.n.d.s.r.aws.ConfigClusterResolver      : Resolving eureka endpoints via configuration
2025-05-29T11:58:08.892+05:30  INFO 27560 --- [reporting-service] [AsyncResolver-bootstrap-executor-%d] c.n.d.s.r.aws.ConfigClusterResolver      : Resolving eureka endpoints via configuration
2025-05-29T12:03:08.903+05:30  INFO 27560 --- [reporting-service] [AsyncResolver-bootstrap-executor-%d] c.n.d.s.r.aws.ConfigClusterResolver      : Resolving eureka endpoints via configuration
2025-05-29T12:08:08.919+05:30  INFO 27560 --- [reporting-service] [AsyncResolver-bootstrap-executor-%d] c.n.d.s.r.aws.ConfigClusterResolver      : Resolving eureka endpoints via configuration
2025-05-29T12:13:08.920+05:30  INFO 27560 --- [reporting-service] [AsyncResolver-bootstrap-executor-%d] c.n.d.s.r.aws.ConfigClusterResolver      : Resolving eureka endpoints via configuration
2025-05-29T12:18:08.935+05:30  INFO 27560 --- [reporting-service] [AsyncResolver-bootstrap-executor-%d] c.n.d.s.r.aws.ConfigClusterResolver      : Resolving eureka endpoints via configuration
2025-05-29T12:23:08.949+05:30  INFO 27560 --- [reporting-service] [AsyncResolver-bootstrap-executor-%d] c.n.d.s.r.aws.ConfigClusterResolver      : Resolving eureka endpoints via configuration
2025-05-29T12:28:08.950+05:30  INFO 27560 --- [reporting-service] [AsyncResolver-bootstrap-executor-%d] c.n.d.s.r.aws.ConfigClusterResolver      : Resolving eureka endpoints via configuration
2025-05-29T12:33:08.959+05:30  INFO 27560 --- [reporting-service] [AsyncResolver-bootstrap-executor-%d] c.n.d.s.r.aws.ConfigClusterResolver      : Resolving eureka endpoints via configuration
2025-05-29T12:38:08.962+05:30  INFO 27560 --- [reporting-service] [AsyncResolver-bootstrap-executor-%d] c.n.d.s.r.aws.ConfigClusterResolver      : Resolving eureka endpoints via configuration
2025-05-29T12:43:08.966+05:30  INFO 27560 --- [reporting-service] [AsyncResolver-bootstrap-executor-%d] c.n.d.s.r.aws.ConfigClusterResolver      : Resolving eureka endpoints via configuration
2025-05-29T12:48:08.979+05:30  INFO 27560 --- [reporting-service] [AsyncResolver-bootstrap-executor-%d] c.n.d.s.r.aws.ConfigClusterResolver      : Resolving eureka endpoints via configuration
2025-05-29T12:53:08.993+05:30  INFO 27560 --- [reporting-service] [AsyncResolver-bootstrap-executor-%d] c.n.d.s.r.aws.ConfigClusterResolver      : Resolving eureka endpoints via configuration
2025-05-29T12:58:08.997+05:30  INFO 27560 --- [reporting-service] [AsyncResolver-bootstrap-executor-%d] c.n.d.s.r.aws.ConfigClusterResolver      : Resolving eureka endpoints via configuration
2025-05-29T13:03:09.011+05:30  INFO 27560 --- [reporting-service] [AsyncResolver-bootstrap-executor-%d] c.n.d.s.r.aws.ConfigClusterResolver      : Resolving eureka endpoints via configuration
2025-05-29T13:08:09.027+05:30  INFO 27560 --- [reporting-service] [AsyncResolver-bootstrap-executor-%d] c.n.d.s.r.aws.ConfigClusterResolver      : Resolving eureka endpoints via configuration
2025-05-29T13:13:09.040+05:30  INFO 27560 --- [reporting-service] [AsyncResolver-bootstrap-executor-%d] c.n.d.s.r.aws.ConfigClusterResolver      : Resolving eureka endpoints via configuration
2025-05-29T13:18:09.055+05:30  INFO 27560 --- [reporting-service] [AsyncResolver-bootstrap-executor-%d] c.n.d.s.r.aws.ConfigClusterResolver      : Resolving eureka endpoints via configuration
2025-05-29T13:23:09.067+05:30  INFO 27560 --- [reporting-service] [AsyncResolver-bootstrap-executor-%d] c.n.d.s.r.aws.ConfigClusterResolver      : Resolving eureka endpoints via configuration
2025-05-29T13:28:09.068+05:30  INFO 27560 --- [reporting-service] [AsyncResolver-bootstrap-executor-%d] c.n.d.s.r.aws.ConfigClusterResolver      : Resolving eureka endpoints via configuration
2025-05-29T13:33:09.070+05:30  INFO 27560 --- [reporting-service] [AsyncResolver-bootstrap-executor-%d] c.n.d.s.r.aws.ConfigClusterResolver      : Resolving eureka endpoints via configuration
2025-05-29T14:05:51.974+05:30  WARN 27560 --- [reporting-service] [HikariPool-1 housekeeper] com.zaxxer.hikari.pool.HikariPool        : HikariPool-1 - Thread starvation or clock leap detected (housekeeper delta=31m12s635ms453µs800ns).
2025-05-29T14:09:17.173+05:30  INFO 27560 --- [reporting-service] [AsyncResolver-bootstrap-executor-%d] c.n.d.s.r.aws.ConfigClusterResolver      : Resolving eureka endpoints via configuration
2025-05-29T14:14:17.184+05:30  INFO 27560 --- [reporting-service] [AsyncResolver-bootstrap-executor-%d] c.n.d.s.r.aws.ConfigClusterResolver      : Resolving eureka endpoints via configuration
2025-05-29T14:19:17.186+05:30  INFO 27560 --- [reporting-service] [AsyncResolver-bootstrap-executor-%d] c.n.d.s.r.aws.ConfigClusterResolver      : Resolving eureka endpoints via configuration
2025-05-29T14:24:17.195+05:30  INFO 27560 --- [reporting-service] [AsyncResolver-bootstrap-executor-%d] c.n.d.s.r.aws.ConfigClusterResolver      : Resolving eureka endpoints via configuration
2025-05-29T14:29:17.206+05:30  INFO 27560 --- [reporting-service] [AsyncResolver-bootstrap-executor-%d] c.n.d.s.r.aws.ConfigClusterResolver      : Resolving eureka endpoints via configuration
2025-05-29T14:34:17.220+05:30  INFO 27560 --- [reporting-service] [AsyncResolver-bootstrap-executor-%d] c.n.d.s.r.aws.ConfigClusterResolver      : Resolving eureka endpoints via configuration
