2025-05-29T09:37:46.952+05:30  INFO 27580 --- [security-service] [main] com.SpringSecurityLatestApplication      : Starting SpringSecurityLatestApplication using Java 21.0.6 with PID 27580 (C:\Users\2400970\git\EmployeePerformanceAndFeedbackManagementSystem\spring-security-latest\target\classes started by 2400970 in C:\Users\2400970\git\EmployeePerformanceAndFeedbackManagementSystem\spring-security-latest)
2025-05-29T09:37:46.957+05:30  INFO 27580 --- [security-service] [main] com.SpringSecurityLatestApplication      : No active profile set, falling back to 1 default profile: "default"
2025-05-29T09:37:46.999+05:30  INFO 27580 --- [security-service] [main] o.s.c.c.c.ConfigServerConfigDataLoader   : Fetching config from server at : http://localhost:8888
2025-05-29T09:37:47.000+05:30  INFO 27580 --- [security-service] [main] o.s.c.c.c.ConfigServerConfigDataLoader   : Located environment: name=security-service, profiles=[default], label=null, version=ae09da6f6f4a2a9a28dbec542144e8bfca659e3a, state=
2025-05-29T09:37:48.332+05:30  INFO 27580 --- [security-service] [main] .s.d.r.c.RepositoryConfigurationDelegate : Bootstrapping Spring Data JPA repositories in DEFAULT mode.
2025-05-29T09:37:48.912+05:30  INFO 27580 --- [security-service] [main] .s.d.r.c.RepositoryConfigurationDelegate : Finished Spring Data repository scanning in 569 ms. Found 1 JPA repository interface.
2025-05-29T09:37:49.127+05:30  INFO 27580 --- [security-service] [main] o.s.cloud.context.scope.GenericScope     : BeanFactory id=66137523-675c-39d9-b6b3-23a0b0dc70f6
2025-05-29T09:37:49.481+05:30  INFO 27580 --- [security-service] [main] o.s.b.w.embedded.tomcat.TomcatWebServer  : Tomcat initialized with port 9194 (http)
2025-05-29T09:37:49.501+05:30  INFO 27580 --- [security-service] [main] o.apache.catalina.core.StandardService   : Starting service [Tomcat]
2025-05-29T09:37:49.502+05:30  INFO 27580 --- [security-service] [main] o.apache.catalina.core.StandardEngine    : Starting Servlet engine: [Apache Tomcat/10.1.34]
2025-05-29T09:37:49.580+05:30  INFO 27580 --- [security-service] [main] o.a.c.c.C.[Tomcat].[localhost].[/]       : Initializing Spring embedded WebApplicationContext
2025-05-29T09:37:49.580+05:30  INFO 27580 --- [security-service] [main] w.s.c.ServletWebServerApplicationContext : Root WebApplicationContext: initialization completed in 2578 ms
2025-05-29T09:37:49.792+05:30  INFO 27580 --- [security-service] [main] o.hibernate.jpa.internal.util.LogHelper  : HHH000204: Processing PersistenceUnitInfo [name: default]
2025-05-29T09:37:49.893+05:30  INFO 27580 --- [security-service] [main] org.hibernate.Version                    : HHH000412: Hibernate ORM core version 6.6.5.Final
2025-05-29T09:37:49.932+05:30  INFO 27580 --- [security-service] [main] o.h.c.internal.RegionFactoryInitiator    : HHH000026: Second-level cache disabled
2025-05-29T09:37:50.217+05:30  INFO 27580 --- [security-service] [main] o.s.o.j.p.SpringPersistenceUnitInfo      : No LoadTimeWeaver setup: ignoring JPA class transformer
2025-05-29T09:37:50.253+05:30  INFO 27580 --- [security-service] [main] com.zaxxer.hikari.HikariDataSource       : HikariPool-1 - Starting...
2025-05-29T09:37:50.477+05:30  INFO 27580 --- [security-service] [main] com.zaxxer.hikari.pool.HikariPool        : HikariPool-1 - Added connection com.mysql.cj.jdbc.ConnectionImpl@7cb84fb5
2025-05-29T09:37:50.479+05:30  INFO 27580 --- [security-service] [main] com.zaxxer.hikari.HikariDataSource       : HikariPool-1 - Start completed.
2025-05-29T09:37:50.533+05:30  WARN 27580 --- [security-service] [main] org.hibernate.orm.deprecation            : HHH90000025: MySQLDialect does not need to be specified explicitly using 'hibernate.dialect' (remove the property setting and it will be selected by default)
2025-05-29T09:37:50.549+05:30  INFO 27580 --- [security-service] [main] org.hibernate.orm.connections.pooling    : HHH10001005: Database info:
	Database JDBC URL [Connecting through datasource 'HikariDataSource (HikariPool-1)']
	Database driver: undefined/unknown
	Database version: 8.0.41
	Autocommit mode: undefined/unknown
	Isolation level: undefined/unknown
	Minimum pool size: undefined/unknown
	Maximum pool size: undefined/unknown
2025-05-29T09:37:51.505+05:30  INFO 27580 --- [security-service] [main] o.h.e.t.j.p.i.JtaPlatformInitiator       : HHH000489: No JTA platform available (set 'hibernate.transaction.jta.platform' to enable JTA platform integration)
2025-05-29T09:37:51.555+05:30  INFO 27580 --- [security-service] [main] j.LocalContainerEntityManagerFactoryBean : Initialized JPA EntityManagerFactory for persistence unit 'default'
2025-05-29T09:37:52.097+05:30  INFO 27580 --- [security-service] [main] eAuthenticationProviderManagerConfigurer : Global AuthenticationManager configured with AuthenticationProvider bean with name authenticationProvider
2025-05-29T09:37:52.098+05:30  WARN 27580 --- [security-service] [main] r$InitializeUserDetailsManagerConfigurer : Global AuthenticationManager configured with an AuthenticationProvider bean. UserDetailsService beans will not be used by Spring Security for automatically configuring username/password login. Consider removing the AuthenticationProvider bean. Alternatively, consider using the UserDetailsService in a manually instantiated DaoAuthenticationProvider. If the current configuration is intentional, to turn off this warning, increase the logging level of 'org.springframework.security.config.annotation.authentication.configuration.InitializeUserDetailsBeanManagerConfigurer' to ERROR
2025-05-29T09:37:52.154+05:30  WARN 27580 --- [security-service] [main] JpaBaseConfiguration$JpaWebConfiguration : spring.jpa.open-in-view is enabled by default. Therefore, database queries may be performed during view rendering. Explicitly configure spring.jpa.open-in-view to disable this warning
2025-05-29T09:37:53.251+05:30  INFO 27580 --- [security-service] [main] DiscoveryClientOptionalArgsConfiguration : Eureka HTTP Client uses RestTemplate.
2025-05-29T09:37:53.323+05:30  WARN 27580 --- [security-service] [main] iguration$LoadBalancerCaffeineWarnLogger : Spring Cloud LoadBalancer is currently working with the default cache. While this cache implementation is useful for development and tests, it's recommended to use Caffeine cache in production.You can switch to using Caffeine cache, by adding it and org.springframework.cache.caffeine.CaffeineCacheManager to the classpath.
2025-05-29T09:37:53.403+05:30  INFO 27580 --- [security-service] [main] o.s.c.n.eureka.InstanceInfoFactory       : Setting initial instance status as: STARTING
2025-05-29T09:37:53.423+05:30  INFO 27580 --- [security-service] [main] com.netflix.discovery.DiscoveryClient    : Initializing Eureka in region us-east-1
2025-05-29T09:37:53.427+05:30  INFO 27580 --- [security-service] [main] c.n.d.s.r.aws.ConfigClusterResolver      : Resolving eureka endpoints via configuration
2025-05-29T09:37:53.435+05:30  INFO 27580 --- [security-service] [main] com.netflix.discovery.DiscoveryClient    : Disable delta property : false
2025-05-29T09:37:53.435+05:30  INFO 27580 --- [security-service] [main] com.netflix.discovery.DiscoveryClient    : Single vip registry refresh property : null
2025-05-29T09:37:53.435+05:30  INFO 27580 --- [security-service] [main] com.netflix.discovery.DiscoveryClient    : Force full registry fetch : false
2025-05-29T09:37:53.435+05:30  INFO 27580 --- [security-service] [main] com.netflix.discovery.DiscoveryClient    : Application is null : false
2025-05-29T09:37:53.435+05:30  INFO 27580 --- [security-service] [main] com.netflix.discovery.DiscoveryClient    : Registered Applications size is zero : true
2025-05-29T09:37:53.435+05:30  INFO 27580 --- [security-service] [main] com.netflix.discovery.DiscoveryClient    : Application version is -1: true
2025-05-29T09:37:53.436+05:30  INFO 27580 --- [security-service] [main] com.netflix.discovery.DiscoveryClient    : Getting all instance registry info from the eureka server
2025-05-29T09:37:53.785+05:30  INFO 27580 --- [security-service] [main] com.netflix.discovery.DiscoveryClient    : The response status is 200
2025-05-29T09:37:53.787+05:30  INFO 27580 --- [security-service] [main] com.netflix.discovery.DiscoveryClient    : Starting heartbeat executor: renew interval is: 30
2025-05-29T09:37:53.789+05:30  INFO 27580 --- [security-service] [main] c.n.discovery.InstanceInfoReplicator     : InstanceInfoReplicator onDemand update allowed rate per min is 4
2025-05-29T09:37:53.790+05:30  INFO 27580 --- [security-service] [main] com.netflix.discovery.DiscoveryClient    : Discovery Client initialized at timestamp 1748491673790 with initial instances count: 5
2025-05-29T09:37:53.795+05:30  INFO 27580 --- [security-service] [main] o.s.c.n.e.s.EurekaServiceRegistry        : Registering application SECURITY-SERVICE with eureka with status UP
2025-05-29T09:37:53.796+05:30  INFO 27580 --- [security-service] [main] com.netflix.discovery.DiscoveryClient    : Saw local status change event StatusChangeEvent [timestamp=1748491673796, current=UP, previous=STARTING]
2025-05-29T09:37:53.799+05:30  INFO 27580 --- [security-service] [DiscoveryClient-InstanceInfoReplicator-%d] com.netflix.discovery.DiscoveryClient    : DiscoveryClient_SECURITY-SERVICE/LTIN603893.cts.com:security-service:9194: registering service...
2025-05-29T09:37:53.827+05:30  INFO 27580 --- [security-service] [main] o.s.b.w.embedded.tomcat.TomcatWebServer  : Tomcat started on port 9194 (http) with context path '/'
2025-05-29T09:37:53.828+05:30  INFO 27580 --- [security-service] [main] .s.c.n.e.s.EurekaAutoServiceRegistration : Updating port to 9194
2025-05-29T09:37:53.837+05:30  INFO 27580 --- [security-service] [main] com.SpringSecurityLatestApplication      : Started SpringSecurityLatestApplication in 8.552 seconds (process running for 9.22)
2025-05-29T09:37:53.882+05:30  INFO 27580 --- [security-service] [DiscoveryClient-InstanceInfoReplicator-%d] com.netflix.discovery.DiscoveryClient    : DiscoveryClient_SECURITY-SERVICE/LTIN603893.cts.com:security-service:9194 - registration status: 204
2025-05-29T09:42:53.444+05:30  INFO 27580 --- [security-service] [AsyncResolver-bootstrap-executor-%d] c.n.d.s.r.aws.ConfigClusterResolver      : Resolving eureka endpoints via configuration
2025-05-29T09:47:53.448+05:30  INFO 27580 --- [security-service] [AsyncResolver-bootstrap-executor-%d] c.n.d.s.r.aws.ConfigClusterResolver      : Resolving eureka endpoints via configuration
2025-05-29T09:52:53.449+05:30  INFO 27580 --- [security-service] [AsyncResolver-bootstrap-executor-%d] c.n.d.s.r.aws.ConfigClusterResolver      : Resolving eureka endpoints via configuration
2025-05-29T09:54:58.270+05:30  INFO 27580 --- [security-service] [http-nio-9194-exec-1] o.a.c.c.C.[Tomcat].[localhost].[/]       : Initializing Spring DispatcherServlet 'dispatcherServlet'
2025-05-29T09:54:58.270+05:30  INFO 27580 --- [security-service] [http-nio-9194-exec-1] o.s.web.servlet.DispatcherServlet        : Initializing Servlet 'dispatcherServlet'
2025-05-29T09:54:58.272+05:30  INFO 27580 --- [security-service] [http-nio-9194-exec-1] o.s.web.servlet.DispatcherServlet        : Completed initialization in 2 ms
2025-05-29T09:57:53.452+05:30  INFO 27580 --- [security-service] [AsyncResolver-bootstrap-executor-%d] c.n.d.s.r.aws.ConfigClusterResolver      : Resolving eureka endpoints via configuration
2025-05-29T10:02:53.468+05:30  INFO 27580 --- [security-service] [AsyncResolver-bootstrap-executor-%d] c.n.d.s.r.aws.ConfigClusterResolver      : Resolving eureka endpoints via configuration
2025-05-29T10:07:53.477+05:30  INFO 27580 --- [security-service] [AsyncResolver-bootstrap-executor-%d] c.n.d.s.r.aws.ConfigClusterResolver      : Resolving eureka endpoints via configuration
2025-05-29T10:12:53.491+05:30  INFO 27580 --- [security-service] [AsyncResolver-bootstrap-executor-%d] c.n.d.s.r.aws.ConfigClusterResolver      : Resolving eureka endpoints via configuration
2025-05-29T10:17:53.501+05:30  INFO 27580 --- [security-service] [AsyncResolver-bootstrap-executor-%d] c.n.d.s.r.aws.ConfigClusterResolver      : Resolving eureka endpoints via configuration
2025-05-29T10:22:53.502+05:30  INFO 27580 --- [security-service] [AsyncResolver-bootstrap-executor-%d] c.n.d.s.r.aws.ConfigClusterResolver      : Resolving eureka endpoints via configuration
2025-05-29T10:27:53.524+05:30  INFO 27580 --- [security-service] [AsyncResolver-bootstrap-executor-%d] c.n.d.s.r.aws.ConfigClusterResolver      : Resolving eureka endpoints via configuration
2025-05-29T10:32:53.541+05:30  INFO 27580 --- [security-service] [AsyncResolver-bootstrap-executor-%d] c.n.d.s.r.aws.ConfigClusterResolver      : Resolving eureka endpoints via configuration
2025-05-29T10:37:53.550+05:30  INFO 27580 --- [security-service] [AsyncResolver-bootstrap-executor-%d] c.n.d.s.r.aws.ConfigClusterResolver      : Resolving eureka endpoints via configuration
2025-05-29T10:42:53.565+05:30  INFO 27580 --- [security-service] [AsyncResolver-bootstrap-executor-%d] c.n.d.s.r.aws.ConfigClusterResolver      : Resolving eureka endpoints via configuration
2025-05-29T11:06:04.594+05:30  WARN 27580 --- [security-service] [HikariPool-1 housekeeper] com.zaxxer.hikari.pool.HikariPool        : HikariPool-1 - Thread starvation or clock leap detected (housekeeper delta=21m13s93ms941µs500ns).
2025-05-29T11:08:36.644+05:30  INFO 27580 --- [security-service] [AsyncResolver-bootstrap-executor-%d] c.n.d.s.r.aws.ConfigClusterResolver      : Resolving eureka endpoints via configuration
2025-05-29T11:13:36.652+05:30  INFO 27580 --- [security-service] [AsyncResolver-bootstrap-executor-%d] c.n.d.s.r.aws.ConfigClusterResolver      : Resolving eureka endpoints via configuration
2025-05-29T11:18:36.661+05:30  INFO 27580 --- [security-service] [AsyncResolver-bootstrap-executor-%d] c.n.d.s.r.aws.ConfigClusterResolver      : Resolving eureka endpoints via configuration
2025-05-29T11:23:36.674+05:30  INFO 27580 --- [security-service] [AsyncResolver-bootstrap-executor-%d] c.n.d.s.r.aws.ConfigClusterResolver      : Resolving eureka endpoints via configuration
2025-05-29T11:28:36.678+05:30  INFO 27580 --- [security-service] [AsyncResolver-bootstrap-executor-%d] c.n.d.s.r.aws.ConfigClusterResolver      : Resolving eureka endpoints via configuration
2025-05-29T11:33:36.686+05:30  INFO 27580 --- [security-service] [AsyncResolver-bootstrap-executor-%d] c.n.d.s.r.aws.ConfigClusterResolver      : Resolving eureka endpoints via configuration
2025-05-29T11:38:36.697+05:30  INFO 27580 --- [security-service] [AsyncResolver-bootstrap-executor-%d] c.n.d.s.r.aws.ConfigClusterResolver      : Resolving eureka endpoints via configuration
2025-05-29T11:43:36.706+05:30  INFO 27580 --- [security-service] [AsyncResolver-bootstrap-executor-%d] c.n.d.s.r.aws.ConfigClusterResolver      : Resolving eureka endpoints via configuration
2025-05-29T11:48:36.710+05:30  INFO 27580 --- [security-service] [AsyncResolver-bootstrap-executor-%d] c.n.d.s.r.aws.ConfigClusterResolver      : Resolving eureka endpoints via configuration
2025-05-29T11:53:36.720+05:30  INFO 27580 --- [security-service] [AsyncResolver-bootstrap-executor-%d] c.n.d.s.r.aws.ConfigClusterResolver      : Resolving eureka endpoints via configuration
2025-05-29T11:58:36.725+05:30  INFO 27580 --- [security-service] [AsyncResolver-bootstrap-executor-%d] c.n.d.s.r.aws.ConfigClusterResolver      : Resolving eureka endpoints via configuration
2025-05-29T12:03:36.736+05:30  INFO 27580 --- [security-service] [AsyncResolver-bootstrap-executor-%d] c.n.d.s.r.aws.ConfigClusterResolver      : Resolving eureka endpoints via configuration
2025-05-29T12:08:36.743+05:30  INFO 27580 --- [security-service] [AsyncResolver-bootstrap-executor-%d] c.n.d.s.r.aws.ConfigClusterResolver      : Resolving eureka endpoints via configuration
2025-05-29T12:13:36.758+05:30  INFO 27580 --- [security-service] [AsyncResolver-bootstrap-executor-%d] c.n.d.s.r.aws.ConfigClusterResolver      : Resolving eureka endpoints via configuration
2025-05-29T12:18:36.760+05:30  INFO 27580 --- [security-service] [AsyncResolver-bootstrap-executor-%d] c.n.d.s.r.aws.ConfigClusterResolver      : Resolving eureka endpoints via configuration
2025-05-29T12:23:36.767+05:30  INFO 27580 --- [security-service] [AsyncResolver-bootstrap-executor-%d] c.n.d.s.r.aws.ConfigClusterResolver      : Resolving eureka endpoints via configuration
2025-05-29T12:28:36.775+05:30  INFO 27580 --- [security-service] [AsyncResolver-bootstrap-executor-%d] c.n.d.s.r.aws.ConfigClusterResolver      : Resolving eureka endpoints via configuration
2025-05-29T12:33:36.788+05:30  INFO 27580 --- [security-service] [AsyncResolver-bootstrap-executor-%d] c.n.d.s.r.aws.ConfigClusterResolver      : Resolving eureka endpoints via configuration
2025-05-29T12:38:36.803+05:30  INFO 27580 --- [security-service] [AsyncResolver-bootstrap-executor-%d] c.n.d.s.r.aws.ConfigClusterResolver      : Resolving eureka endpoints via configuration
2025-05-29T12:43:36.807+05:30  INFO 27580 --- [security-service] [AsyncResolver-bootstrap-executor-%d] c.n.d.s.r.aws.ConfigClusterResolver      : Resolving eureka endpoints via configuration
2025-05-29T12:48:36.810+05:30  INFO 27580 --- [security-service] [AsyncResolver-bootstrap-executor-%d] c.n.d.s.r.aws.ConfigClusterResolver      : Resolving eureka endpoints via configuration
2025-05-29T12:53:36.821+05:30  INFO 27580 --- [security-service] [AsyncResolver-bootstrap-executor-%d] c.n.d.s.r.aws.ConfigClusterResolver      : Resolving eureka endpoints via configuration
2025-05-29T12:58:36.836+05:30  INFO 27580 --- [security-service] [AsyncResolver-bootstrap-executor-%d] c.n.d.s.r.aws.ConfigClusterResolver      : Resolving eureka endpoints via configuration
2025-05-29T13:03:36.838+05:30  INFO 27580 --- [security-service] [AsyncResolver-bootstrap-executor-%d] c.n.d.s.r.aws.ConfigClusterResolver      : Resolving eureka endpoints via configuration
2025-05-29T13:08:36.845+05:30  INFO 27580 --- [security-service] [AsyncResolver-bootstrap-executor-%d] c.n.d.s.r.aws.ConfigClusterResolver      : Resolving eureka endpoints via configuration
2025-05-29T13:13:36.848+05:30  INFO 27580 --- [security-service] [AsyncResolver-bootstrap-executor-%d] c.n.d.s.r.aws.ConfigClusterResolver      : Resolving eureka endpoints via configuration
2025-05-29T13:18:36.853+05:30  INFO 27580 --- [security-service] [AsyncResolver-bootstrap-executor-%d] c.n.d.s.r.aws.ConfigClusterResolver      : Resolving eureka endpoints via configuration
2025-05-29T13:23:36.856+05:30  INFO 27580 --- [security-service] [AsyncResolver-bootstrap-executor-%d] c.n.d.s.r.aws.ConfigClusterResolver      : Resolving eureka endpoints via configuration
2025-05-29T13:28:36.866+05:30  INFO 27580 --- [security-service] [AsyncResolver-bootstrap-executor-%d] c.n.d.s.r.aws.ConfigClusterResolver      : Resolving eureka endpoints via configuration
2025-05-29T13:33:36.880+05:30  INFO 27580 --- [security-service] [AsyncResolver-bootstrap-executor-%d] c.n.d.s.r.aws.ConfigClusterResolver      : Resolving eureka endpoints via configuration
2025-05-29T14:05:49.430+05:30  WARN 27580 --- [security-service] [HikariPool-1 housekeeper] com.zaxxer.hikari.pool.HikariPool        : HikariPool-1 - Thread starvation or clock leap detected (housekeeper delta=31m12s524ms545µs300ns).
2025-05-29T14:09:44.985+05:30  INFO 27580 --- [security-service] [AsyncResolver-bootstrap-executor-%d] c.n.d.s.r.aws.ConfigClusterResolver      : Resolving eureka endpoints via configuration
2025-05-29T14:14:44.994+05:30  INFO 27580 --- [security-service] [AsyncResolver-bootstrap-executor-%d] c.n.d.s.r.aws.ConfigClusterResolver      : Resolving eureka endpoints via configuration
2025-05-29T14:19:45.001+05:30  INFO 27580 --- [security-service] [AsyncResolver-bootstrap-executor-%d] c.n.d.s.r.aws.ConfigClusterResolver      : Resolving eureka endpoints via configuration
2025-05-29T14:24:45.011+05:30  INFO 27580 --- [security-service] [AsyncResolver-bootstrap-executor-%d] c.n.d.s.r.aws.ConfigClusterResolver      : Resolving eureka endpoints via configuration
2025-05-29T14:29:45.017+05:30  INFO 27580 --- [security-service] [AsyncResolver-bootstrap-executor-%d] c.n.d.s.r.aws.ConfigClusterResolver      : Resolving eureka endpoints via configuration
2025-05-29T14:34:45.020+05:30  INFO 27580 --- [security-service] [AsyncResolver-bootstrap-executor-%d] c.n.d.s.r.aws.ConfigClusterResolver      : Resolving eureka endpoints via configuration
