2025-06-02T08:23:51.149+05:30  WARN 20148 --- [performance-review-service] [HikariPool-1 housekeeper] com.zaxxer.hikari.pool.HikariPool        : HikariPool-1 - Thread starvation or clock leap detected (housekeeper delta=9h37m15s956ms297µs600ns).
2025-06-02T08:24:26.353+05:30  INFO 20148 --- [performance-review-service] [AsyncResolver-bootstrap-executor-%d] c.n.d.s.r.aws.ConfigClusterResolver      : Resolving eureka endpoints via configuration
2025-06-02T08:29:26.358+05:30  INFO 20148 --- [performance-review-service] [AsyncResolver-bootstrap-executor-%d] c.n.d.s.r.aws.ConfigClusterResolver      : Resolving eureka endpoints via configuration
2025-06-02T08:34:26.371+05:30  INFO 20148 --- [performance-review-service] [AsyncResolver-bootstrap-executor-%d] c.n.d.s.r.aws.ConfigClusterResolver      : Resolving eureka endpoints via configuration
2025-06-02T08:39:26.376+05:30  INFO 20148 --- [performance-review-service] [AsyncResolver-bootstrap-executor-%d] c.n.d.s.r.aws.ConfigClusterResolver      : Resolving eureka endpoints via configuration
2025-06-02T08:44:26.380+05:30  INFO 20148 --- [performance-review-service] [AsyncResolver-bootstrap-executor-%d] c.n.d.s.r.aws.ConfigClusterResolver      : Resolving eureka endpoints via configuration
2025-06-02T08:49:26.383+05:30  INFO 20148 --- [performance-review-service] [AsyncResolver-bootstrap-executor-%d] c.n.d.s.r.aws.ConfigClusterResolver      : Resolving eureka endpoints via configuration
2025-06-02T08:54:26.394+05:30  INFO 20148 --- [performance-review-service] [AsyncResolver-bootstrap-executor-%d] c.n.d.s.r.aws.ConfigClusterResolver      : Resolving eureka endpoints via configuration
2025-06-02T08:59:26.402+05:30  INFO 20148 --- [performance-review-service] [AsyncResolver-bootstrap-executor-%d] c.n.d.s.r.aws.ConfigClusterResolver      : Resolving eureka endpoints via configuration
2025-06-02T09:04:26.416+05:30  INFO 20148 --- [performance-review-service] [AsyncResolver-bootstrap-executor-%d] c.n.d.s.r.aws.ConfigClusterResolver      : Resolving eureka endpoints via configuration
2025-06-02T09:09:26.425+05:30  INFO 20148 --- [performance-review-service] [AsyncResolver-bootstrap-executor-%d] c.n.d.s.r.aws.ConfigClusterResolver      : Resolving eureka endpoints via configuration
2025-06-02T09:13:53.449+05:30  WARN 20148 --- [performance-review-service] [HikariPool-1 housekeeper] com.zaxxer.hikari.pool.HikariPool        : HikariPool-1 - Thread starvation or clock leap detected (housekeeper delta=1m24s458ms679µs).
2025-06-02T09:15:20.880+05:30  INFO 20148 --- [performance-review-service] [AsyncResolver-bootstrap-executor-%d] c.n.d.s.r.aws.ConfigClusterResolver      : Resolving eureka endpoints via configuration
2025-06-02T09:20:20.887+05:30  INFO 20148 --- [performance-review-service] [AsyncResolver-bootstrap-executor-%d] c.n.d.s.r.aws.ConfigClusterResolver      : Resolving eureka endpoints via configuration
2025-06-02T09:25:20.894+05:30  INFO 20148 --- [performance-review-service] [AsyncResolver-bootstrap-executor-%d] c.n.d.s.r.aws.ConfigClusterResolver      : Resolving eureka endpoints via configuration
2025-06-02T09:30:20.901+05:30  INFO 20148 --- [performance-review-service] [AsyncResolver-bootstrap-executor-%d] c.n.d.s.r.aws.ConfigClusterResolver      : Resolving eureka endpoints via configuration
2025-06-02T09:35:20.908+05:30  INFO 20148 --- [performance-review-service] [AsyncResolver-bootstrap-executor-%d] c.n.d.s.r.aws.ConfigClusterResolver      : Resolving eureka endpoints via configuration
2025-06-02T09:40:20.911+05:30  INFO 20148 --- [performance-review-service] [AsyncResolver-bootstrap-executor-%d] c.n.d.s.r.aws.ConfigClusterResolver      : Resolving eureka endpoints via configuration
2025-06-02T09:45:20.922+05:30  INFO 20148 --- [performance-review-service] [AsyncResolver-bootstrap-executor-%d] c.n.d.s.r.aws.ConfigClusterResolver      : Resolving eureka endpoints via configuration
2025-06-02T09:50:20.932+05:30  INFO 20148 --- [performance-review-service] [AsyncResolver-bootstrap-executor-%d] c.n.d.s.r.aws.ConfigClusterResolver      : Resolving eureka endpoints via configuration
2025-06-02T09:55:20.937+05:30  INFO 20148 --- [performance-review-service] [AsyncResolver-bootstrap-executor-%d] c.n.d.s.r.aws.ConfigClusterResolver      : Resolving eureka endpoints via configuration
2025-06-02T10:00:20.951+05:30  INFO 20148 --- [performance-review-service] [AsyncResolver-bootstrap-executor-%d] c.n.d.s.r.aws.ConfigClusterResolver      : Resolving eureka endpoints via configuration
2025-06-02T10:05:20.954+05:30  INFO 20148 --- [performance-review-service] [AsyncResolver-bootstrap-executor-%d] c.n.d.s.r.aws.ConfigClusterResolver      : Resolving eureka endpoints via configuration
2025-06-02T10:10:20.964+05:30  INFO 20148 --- [performance-review-service] [AsyncResolver-bootstrap-executor-%d] c.n.d.s.r.aws.ConfigClusterResolver      : Resolving eureka endpoints via configuration
2025-06-02T10:15:20.979+05:30  INFO 20148 --- [performance-review-service] [AsyncResolver-bootstrap-executor-%d] c.n.d.s.r.aws.ConfigClusterResolver      : Resolving eureka endpoints via configuration
2025-06-02T10:20:20.985+05:30  INFO 20148 --- [performance-review-service] [AsyncResolver-bootstrap-executor-%d] c.n.d.s.r.aws.ConfigClusterResolver      : Resolving eureka endpoints via configuration
2025-06-02T10:25:21.000+05:30  INFO 20148 --- [performance-review-service] [AsyncResolver-bootstrap-executor-%d] c.n.d.s.r.aws.ConfigClusterResolver      : Resolving eureka endpoints via configuration
2025-06-02T10:30:21.001+05:30  INFO 20148 --- [performance-review-service] [AsyncResolver-bootstrap-executor-%d] c.n.d.s.r.aws.ConfigClusterResolver      : Resolving eureka endpoints via configuration
2025-06-02T10:35:21.006+05:30  INFO 20148 --- [performance-review-service] [AsyncResolver-bootstrap-executor-%d] c.n.d.s.r.aws.ConfigClusterResolver      : Resolving eureka endpoints via configuration
2025-06-02T10:40:21.016+05:30  INFO 20148 --- [performance-review-service] [AsyncResolver-bootstrap-executor-%d] c.n.d.s.r.aws.ConfigClusterResolver      : Resolving eureka endpoints via configuration
2025-06-02T10:45:21.020+05:30  INFO 20148 --- [performance-review-service] [AsyncResolver-bootstrap-executor-%d] c.n.d.s.r.aws.ConfigClusterResolver      : Resolving eureka endpoints via configuration
2025-06-02T10:50:21.022+05:30  INFO 20148 --- [performance-review-service] [AsyncResolver-bootstrap-executor-%d] c.n.d.s.r.aws.ConfigClusterResolver      : Resolving eureka endpoints via configuration
2025-06-02T10:55:21.029+05:30  INFO 20148 --- [performance-review-service] [AsyncResolver-bootstrap-executor-%d] c.n.d.s.r.aws.ConfigClusterResolver      : Resolving eureka endpoints via configuration
2025-06-02T11:00:21.030+05:30  INFO 20148 --- [performance-review-service] [AsyncResolver-bootstrap-executor-%d] c.n.d.s.r.aws.ConfigClusterResolver      : Resolving eureka endpoints via configuration
2025-06-02T11:05:21.038+05:30  INFO 20148 --- [performance-review-service] [AsyncResolver-bootstrap-executor-%d] c.n.d.s.r.aws.ConfigClusterResolver      : Resolving eureka endpoints via configuration
2025-06-02T11:10:21.044+05:30  INFO 20148 --- [performance-review-service] [AsyncResolver-bootstrap-executor-%d] c.n.d.s.r.aws.ConfigClusterResolver      : Resolving eureka endpoints via configuration
2025-06-02T11:15:21.050+05:30  INFO 20148 --- [performance-review-service] [AsyncResolver-bootstrap-executor-%d] c.n.d.s.r.aws.ConfigClusterResolver      : Resolving eureka endpoints via configuration
2025-06-02T11:20:21.060+05:30  INFO 20148 --- [performance-review-service] [AsyncResolver-bootstrap-executor-%d] c.n.d.s.r.aws.ConfigClusterResolver      : Resolving eureka endpoints via configuration
2025-06-02T11:25:21.065+05:30  INFO 20148 --- [performance-review-service] [AsyncResolver-bootstrap-executor-%d] c.n.d.s.r.aws.ConfigClusterResolver      : Resolving eureka endpoints via configuration
2025-06-02T11:30:21.068+05:30  INFO 20148 --- [performance-review-service] [AsyncResolver-bootstrap-executor-%d] c.n.d.s.r.aws.ConfigClusterResolver      : Resolving eureka endpoints via configuration
2025-06-02T11:35:21.072+05:30  INFO 20148 --- [performance-review-service] [AsyncResolver-bootstrap-executor-%d] c.n.d.s.r.aws.ConfigClusterResolver      : Resolving eureka endpoints via configuration
2025-06-02T11:40:21.077+05:30  INFO 20148 --- [performance-review-service] [AsyncResolver-bootstrap-executor-%d] c.n.d.s.r.aws.ConfigClusterResolver      : Resolving eureka endpoints via configuration
2025-06-02T11:45:21.082+05:30  INFO 20148 --- [performance-review-service] [AsyncResolver-bootstrap-executor-%d] c.n.d.s.r.aws.ConfigClusterResolver      : Resolving eureka endpoints via configuration
2025-06-02T11:50:21.091+05:30  INFO 20148 --- [performance-review-service] [AsyncResolver-bootstrap-executor-%d] c.n.d.s.r.aws.ConfigClusterResolver      : Resolving eureka endpoints via configuration
2025-06-02T12:04:37.280+05:30  INFO 24556 --- [performance-review-service] [restartedMain] .d.p.PerformanceReviewServiceApplication : Starting PerformanceReviewServiceApplication using Java 21.0.6 with PID 24556 (C:\Users\2400970\git\EmployeePerformanceAndFeedbackManagementSystem\performance-review-service\target\classes started by 2400970 in C:\Users\2400970\git\EmployeePerformanceAndFeedbackManagementSystem\performance-review-service)
2025-06-02T12:04:37.286+05:30  INFO 24556 --- [performance-review-service] [restartedMain] .d.p.PerformanceReviewServiceApplication : No active profile set, falling back to 1 default profile: "default"
2025-06-02T12:04:37.433+05:30  INFO 24556 --- [performance-review-service] [restartedMain] o.s.c.c.c.ConfigServerConfigDataLoader   : Fetching config from server at : http://localhost:8888
2025-06-02T12:04:37.434+05:30  INFO 24556 --- [performance-review-service] [restartedMain] o.s.c.c.c.ConfigServerConfigDataLoader   : Located environment: name=performance-review-service, profiles=[default], label=null, version=ae09da6f6f4a2a9a28dbec542144e8bfca659e3a, state=
2025-06-02T12:04:37.442+05:30  INFO 24556 --- [performance-review-service] [restartedMain] .e.DevToolsPropertyDefaultsPostProcessor : Devtools property defaults active! Set 'spring.devtools.add-properties' to 'false' to disable
2025-06-02T12:04:37.442+05:30  INFO 24556 --- [performance-review-service] [restartedMain] .e.DevToolsPropertyDefaultsPostProcessor : For additional web related logging consider setting the 'logging.level.web' property to 'DEBUG'
2025-06-02T12:04:41.406+05:30  INFO 24556 --- [performance-review-service] [restartedMain] .s.d.r.c.RepositoryConfigurationDelegate : Bootstrapping Spring Data JPA repositories in DEFAULT mode.
2025-06-02T12:04:41.995+05:30  INFO 24556 --- [performance-review-service] [restartedMain] .s.d.r.c.RepositoryConfigurationDelegate : Finished Spring Data repository scanning in 550 ms. Found 1 JPA repository interface.
2025-06-02T12:04:42.644+05:30  INFO 24556 --- [performance-review-service] [restartedMain] o.s.cloud.context.scope.GenericScope     : BeanFactory id=54256c94-842f-35a7-a98c-97655912b5a3
2025-06-02T12:04:44.982+05:30  INFO 24556 --- [performance-review-service] [restartedMain] o.s.b.w.embedded.tomcat.TomcatWebServer  : Tomcat initialized with port 8082 (http)
2025-06-02T12:04:45.023+05:30  INFO 24556 --- [performance-review-service] [restartedMain] o.apache.catalina.core.StandardService   : Starting service [Tomcat]
2025-06-02T12:04:45.024+05:30  INFO 24556 --- [performance-review-service] [restartedMain] o.apache.catalina.core.StandardEngine    : Starting Servlet engine: [Apache Tomcat/10.1.40]
2025-06-02T12:04:45.246+05:30  INFO 24556 --- [performance-review-service] [restartedMain] o.a.c.c.C.[Tomcat].[localhost].[/]       : Initializing Spring embedded WebApplicationContext
2025-06-02T12:04:45.247+05:30  INFO 24556 --- [performance-review-service] [restartedMain] w.s.c.ServletWebServerApplicationContext : Root WebApplicationContext: initialization completed in 7803 ms
2025-06-02T12:04:46.594+05:30  INFO 24556 --- [performance-review-service] [restartedMain] o.hibernate.jpa.internal.util.LogHelper  : HHH000204: Processing PersistenceUnitInfo [name: default]
2025-06-02T12:04:46.808+05:30  INFO 24556 --- [performance-review-service] [restartedMain] org.hibernate.Version                    : HHH000412: Hibernate ORM core version 6.6.13.Final
2025-06-02T12:04:46.960+05:30  INFO 24556 --- [performance-review-service] [restartedMain] o.h.c.internal.RegionFactoryInitiator    : HHH000026: Second-level cache disabled
2025-06-02T12:04:47.948+05:30  INFO 24556 --- [performance-review-service] [restartedMain] o.s.o.j.p.SpringPersistenceUnitInfo      : No LoadTimeWeaver setup: ignoring JPA class transformer
2025-06-02T12:04:48.064+05:30  INFO 24556 --- [performance-review-service] [restartedMain] com.zaxxer.hikari.HikariDataSource       : HikariPool-1 - Starting...
2025-06-02T12:04:49.011+05:30  INFO 24556 --- [performance-review-service] [restartedMain] com.zaxxer.hikari.pool.HikariPool        : HikariPool-1 - Added connection com.mysql.cj.jdbc.ConnectionImpl@5be1ab54
2025-06-02T12:04:49.017+05:30  INFO 24556 --- [performance-review-service] [restartedMain] com.zaxxer.hikari.HikariDataSource       : HikariPool-1 - Start completed.
2025-06-02T12:04:49.199+05:30  WARN 24556 --- [performance-review-service] [restartedMain] org.hibernate.orm.deprecation            : HHH90000025: MySQLDialect does not need to be specified explicitly using 'hibernate.dialect' (remove the property setting and it will be selected by default)
2025-06-02T12:04:49.262+05:30  INFO 24556 --- [performance-review-service] [restartedMain] org.hibernate.orm.connections.pooling    : HHH10001005: Database info:
	Database JDBC URL [Connecting through datasource 'HikariDataSource (HikariPool-1)']
	Database driver: undefined/unknown
	Database version: 8.0.41
	Autocommit mode: undefined/unknown
	Isolation level: undefined/unknown
	Minimum pool size: undefined/unknown
	Maximum pool size: undefined/unknown
2025-06-02T12:04:51.952+05:30  INFO 24556 --- [performance-review-service] [restartedMain] o.h.e.t.j.p.i.JtaPlatformInitiator       : HHH000489: No JTA platform available (set 'hibernate.transaction.jta.platform' to enable JTA platform integration)
2025-06-02T12:04:52.078+05:30  INFO 24556 --- [performance-review-service] [restartedMain] j.LocalContainerEntityManagerFactoryBean : Initialized JPA EntityManagerFactory for persistence unit 'default'
2025-06-02T12:04:53.527+05:30  WARN 24556 --- [performance-review-service] [restartedMain] JpaBaseConfiguration$JpaWebConfiguration : spring.jpa.open-in-view is enabled by default. Therefore, database queries may be performed during view rendering. Explicitly configure spring.jpa.open-in-view to disable this warning
2025-06-02T12:04:53.821+05:30  WARN 24556 --- [performance-review-service] [restartedMain] o.s.b.d.a.OptionalLiveReloadServer       : Unable to start LiveReload server
2025-06-02T12:04:53.956+05:30  INFO 24556 --- [performance-review-service] [restartedMain] o.s.c.openfeign.FeignClientFactoryBean   : For 'EMPLOYEE-PROFILE-SERVICE' URL not provided. Will try picking an instance via load-balancing.
2025-06-02T12:04:54.168+05:30  INFO 24556 --- [performance-review-service] [restartedMain] o.s.c.openfeign.FeignClientFactoryBean   : For 'REPORTING-SERVICE' URL not provided. Will try picking an instance via load-balancing.
2025-06-02T12:04:57.760+05:30  INFO 24556 --- [performance-review-service] [restartedMain] DiscoveryClientOptionalArgsConfiguration : Eureka HTTP Client uses RestTemplate.
2025-06-02T12:04:57.915+05:30  WARN 24556 --- [performance-review-service] [restartedMain] iguration$LoadBalancerCaffeineWarnLogger : Spring Cloud LoadBalancer is currently working with the default cache. While this cache implementation is useful for development and tests, it's recommended to use Caffeine cache in production.You can switch to using Caffeine cache, by adding it and org.springframework.cache.caffeine.CaffeineCacheManager to the classpath.
2025-06-02T12:04:57.999+05:30  INFO 24556 --- [performance-review-service] [restartedMain] o.s.b.a.e.web.EndpointLinksResolver      : Exposing 18 endpoints beneath base path '/actuator'
2025-06-02T12:04:58.405+05:30  INFO 24556 --- [performance-review-service] [restartedMain] o.s.c.n.eureka.InstanceInfoFactory       : Setting initial instance status as: STARTING
2025-06-02T12:04:58.488+05:30  INFO 24556 --- [performance-review-service] [restartedMain] com.netflix.discovery.DiscoveryClient    : Initializing Eureka in region us-east-1
2025-06-02T12:04:58.498+05:30  INFO 24556 --- [performance-review-service] [restartedMain] c.n.d.s.r.aws.ConfigClusterResolver      : Resolving eureka endpoints via configuration
2025-06-02T12:04:58.524+05:30  INFO 24556 --- [performance-review-service] [restartedMain] com.netflix.discovery.DiscoveryClient    : Disable delta property : false
2025-06-02T12:04:58.525+05:30  INFO 24556 --- [performance-review-service] [restartedMain] com.netflix.discovery.DiscoveryClient    : Single vip registry refresh property : null
2025-06-02T12:04:58.525+05:30  INFO 24556 --- [performance-review-service] [restartedMain] com.netflix.discovery.DiscoveryClient    : Force full registry fetch : false
2025-06-02T12:04:58.525+05:30  INFO 24556 --- [performance-review-service] [restartedMain] com.netflix.discovery.DiscoveryClient    : Application is null : false
2025-06-02T12:04:58.525+05:30  INFO 24556 --- [performance-review-service] [restartedMain] com.netflix.discovery.DiscoveryClient    : Registered Applications size is zero : true
2025-06-02T12:04:58.525+05:30  INFO 24556 --- [performance-review-service] [restartedMain] com.netflix.discovery.DiscoveryClient    : Application version is -1: true
2025-06-02T12:04:58.526+05:30  INFO 24556 --- [performance-review-service] [restartedMain] com.netflix.discovery.DiscoveryClient    : Getting all instance registry info from the eureka server
2025-06-02T12:04:59.286+05:30  INFO 24556 --- [performance-review-service] [restartedMain] com.netflix.discovery.DiscoveryClient    : The response status is 200
2025-06-02T12:04:59.292+05:30  INFO 24556 --- [performance-review-service] [restartedMain] com.netflix.discovery.DiscoveryClient    : Starting heartbeat executor: renew interval is: 30
2025-06-02T12:04:59.299+05:30  INFO 24556 --- [performance-review-service] [restartedMain] c.n.discovery.InstanceInfoReplicator     : InstanceInfoReplicator onDemand update allowed rate per min is 4
2025-06-02T12:04:59.303+05:30  INFO 24556 --- [performance-review-service] [restartedMain] com.netflix.discovery.DiscoveryClient    : Discovery Client initialized at timestamp 1748846099303 with initial instances count: 1
2025-06-02T12:04:59.332+05:30  INFO 24556 --- [performance-review-service] [restartedMain] o.s.c.n.e.s.EurekaServiceRegistry        : Registering application PERFORMANCE-REVIEW-SERVICE with eureka with status UP
2025-06-02T12:04:59.334+05:30  INFO 24556 --- [performance-review-service] [restartedMain] com.netflix.discovery.DiscoveryClient    : Saw local status change event StatusChangeEvent [timestamp=1748846099334, current=UP, previous=STARTING]
2025-06-02T12:04:59.340+05:30  INFO 24556 --- [performance-review-service] [DiscoveryClient-InstanceInfoReplicator-%d] com.netflix.discovery.DiscoveryClient    : DiscoveryClient_PERFORMANCE-REVIEW-SERVICE/LTIN603893.cts.com:performance-review-service:8082: registering service...
2025-06-02T12:04:59.391+05:30  INFO 24556 --- [performance-review-service] [restartedMain] o.s.b.w.embedded.tomcat.TomcatWebServer  : Tomcat started on port 8082 (http) with context path '/'
2025-06-02T12:04:59.393+05:30  INFO 24556 --- [performance-review-service] [restartedMain] .s.c.n.e.s.EurekaAutoServiceRegistration : Updating port to 8082
2025-06-02T12:04:59.428+05:30  INFO 24556 --- [performance-review-service] [restartedMain] .d.p.PerformanceReviewServiceApplication : Started PerformanceReviewServiceApplication in 29.348 seconds (process running for 33.058)
2025-06-02T12:04:59.465+05:30  INFO 24556 --- [performance-review-service] [DiscoveryClient-InstanceInfoReplicator-%d] com.netflix.discovery.DiscoveryClient    : DiscoveryClient_PERFORMANCE-REVIEW-SERVICE/LTIN603893.cts.com:performance-review-service:8082 - registration status: 204
2025-06-02T12:05:00.162+05:30  INFO 24556 --- [performance-review-service] [RMI TCP Connection(5)-127.0.0.1] o.a.c.c.C.[Tomcat].[localhost].[/]       : Initializing Spring DispatcherServlet 'dispatcherServlet'
2025-06-02T12:05:00.162+05:30  INFO 24556 --- [performance-review-service] [RMI TCP Connection(5)-127.0.0.1] o.s.web.servlet.DispatcherServlet        : Initializing Servlet 'dispatcherServlet'
2025-06-02T12:05:00.165+05:30  INFO 24556 --- [performance-review-service] [RMI TCP Connection(5)-127.0.0.1] o.s.web.servlet.DispatcherServlet        : Completed initialization in 2 ms
2025-06-02T12:09:58.536+05:30  INFO 24556 --- [performance-review-service] [AsyncResolver-bootstrap-executor-%d] c.n.d.s.r.aws.ConfigClusterResolver      : Resolving eureka endpoints via configuration
2025-06-02T12:14:58.539+05:30  INFO 24556 --- [performance-review-service] [AsyncResolver-bootstrap-executor-%d] c.n.d.s.r.aws.ConfigClusterResolver      : Resolving eureka endpoints via configuration
2025-06-02T12:19:58.542+05:30  INFO 24556 --- [performance-review-service] [AsyncResolver-bootstrap-executor-%d] c.n.d.s.r.aws.ConfigClusterResolver      : Resolving eureka endpoints via configuration
2025-06-02T12:24:58.560+05:30  INFO 24556 --- [performance-review-service] [AsyncResolver-bootstrap-executor-%d] c.n.d.s.r.aws.ConfigClusterResolver      : Resolving eureka endpoints via configuration
2025-06-02T12:29:58.574+05:30  INFO 24556 --- [performance-review-service] [AsyncResolver-bootstrap-executor-%d] c.n.d.s.r.aws.ConfigClusterResolver      : Resolving eureka endpoints via configuration
2025-06-02T12:34:58.585+05:30  INFO 24556 --- [performance-review-service] [AsyncResolver-bootstrap-executor-%d] c.n.d.s.r.aws.ConfigClusterResolver      : Resolving eureka endpoints via configuration
2025-06-02T12:39:58.593+05:30  INFO 24556 --- [performance-review-service] [AsyncResolver-bootstrap-executor-%d] c.n.d.s.r.aws.ConfigClusterResolver      : Resolving eureka endpoints via configuration
2025-06-02T12:44:58.598+05:30  INFO 24556 --- [performance-review-service] [AsyncResolver-bootstrap-executor-%d] c.n.d.s.r.aws.ConfigClusterResolver      : Resolving eureka endpoints via configuration
2025-06-02T14:03:27.059+05:30  WARN 24556 --- [performance-review-service] [HikariPool-1 housekeeper] com.zaxxer.hikari.pool.HikariPool        : HikariPool-1 - Thread starvation or clock leap detected (housekeeper delta=1h18m37s315ms563µs).
2025-06-02T14:08:05.915+05:30  INFO 24556 --- [performance-review-service] [AsyncResolver-bootstrap-executor-%d] c.n.d.s.r.aws.ConfigClusterResolver      : Resolving eureka endpoints via configuration
2025-06-02T14:13:05.925+05:30  INFO 24556 --- [performance-review-service] [AsyncResolver-bootstrap-executor-%d] c.n.d.s.r.aws.ConfigClusterResolver      : Resolving eureka endpoints via configuration
2025-06-02T14:18:05.936+05:30  INFO 24556 --- [performance-review-service] [AsyncResolver-bootstrap-executor-%d] c.n.d.s.r.aws.ConfigClusterResolver      : Resolving eureka endpoints via configuration
2025-06-02T14:23:05.940+05:30  INFO 24556 --- [performance-review-service] [AsyncResolver-bootstrap-executor-%d] c.n.d.s.r.aws.ConfigClusterResolver      : Resolving eureka endpoints via configuration
2025-06-02T14:28:05.943+05:30  INFO 24556 --- [performance-review-service] [AsyncResolver-bootstrap-executor-%d] c.n.d.s.r.aws.ConfigClusterResolver      : Resolving eureka endpoints via configuration
2025-06-02T14:33:05.948+05:30  INFO 24556 --- [performance-review-service] [AsyncResolver-bootstrap-executor-%d] c.n.d.s.r.aws.ConfigClusterResolver      : Resolving eureka endpoints via configuration
2025-06-02T14:38:05.953+05:30  INFO 24556 --- [performance-review-service] [AsyncResolver-bootstrap-executor-%d] c.n.d.s.r.aws.ConfigClusterResolver      : Resolving eureka endpoints via configuration
2025-06-02T14:43:05.957+05:30  INFO 24556 --- [performance-review-service] [AsyncResolver-bootstrap-executor-%d] c.n.d.s.r.aws.ConfigClusterResolver      : Resolving eureka endpoints via configuration
2025-06-02T14:48:05.963+05:30  INFO 24556 --- [performance-review-service] [AsyncResolver-bootstrap-executor-%d] c.n.d.s.r.aws.ConfigClusterResolver      : Resolving eureka endpoints via configuration
2025-06-02T14:53:05.966+05:30  INFO 24556 --- [performance-review-service] [AsyncResolver-bootstrap-executor-%d] c.n.d.s.r.aws.ConfigClusterResolver      : Resolving eureka endpoints via configuration
2025-06-02T14:58:06.001+05:30  INFO 24556 --- [performance-review-service] [AsyncResolver-bootstrap-executor-%d] c.n.d.s.r.aws.ConfigClusterResolver      : Resolving eureka endpoints via configuration
2025-06-02T15:03:06.009+05:30  INFO 24556 --- [performance-review-service] [AsyncResolver-bootstrap-executor-%d] c.n.d.s.r.aws.ConfigClusterResolver      : Resolving eureka endpoints via configuration
2025-06-02T15:08:06.019+05:30  INFO 24556 --- [performance-review-service] [AsyncResolver-bootstrap-executor-%d] c.n.d.s.r.aws.ConfigClusterResolver      : Resolving eureka endpoints via configuration
